<?xml version="1.0" encoding="UTF-8"?>
<!-- Generated by org.testng.reporters.JUnitReportReporter -->
<testsuite skipped="43" hostname="H02CBFI12PS0192" name="testcases.Regression" tests="44" failures="0" timestamp="21 Nov 2018 19:46:46 GMT" time="27.012" errors="0">
  <testcase name="SanityTC21" time="0.080" classname="testcases.Regression">
    <skipped/>
  </testcase> <!-- SanityTC21 -->
  <testcase name="SanityTC32" time="0.008" classname="testcases.Regression">
    <skipped/>
  </testcase> <!-- SanityTC32 -->
  <testcase name="SanityTC2" time="0.004" classname="testcases.Regression">
    <skipped/>
  </testcase> <!-- SanityTC2 -->
  <testcase name="SanityTC43" time="0.006" classname="testcases.Regression">
    <skipped/>
  </testcase> <!-- SanityTC43 -->
  <testcase name="SanityTC19" time="0.003" classname="testcases.Regression">
    <skipped/>
  </testcase> <!-- SanityTC19 -->
  <testcase name="SanityTC36" time="0.002" classname="testcases.Regression">
    <skipped/>
  </testcase> <!-- SanityTC36 -->
  <testcase name="SanityTC20" time="0.015" classname="testcases.Regression">
    <skipped/>
  </testcase> <!-- SanityTC20 -->
  <testcase name="SanityTC16" time="0.021" classname="testcases.Regression">
    <skipped/>
  </testcase> <!-- SanityTC16 -->
  <testcase name="SanityTC14" time="1.916" classname="testcases.Regression">
    <skipped/>
  </testcase> <!-- SanityTC14 -->
  <testcase name="SanityTC39" time="0.012" classname="testcases.Regression">
    <skipped/>
  </testcase> <!-- SanityTC39 -->
  <testcase name="SanityTC7" time="0.006" classname="testcases.Regression">
    <skipped/>
  </testcase> <!-- SanityTC7 -->
  <testcase name="SanityTC31" time="0.003" classname="testcases.Regression">
    <skipped/>
  </testcase> <!-- SanityTC31 -->
  <testcase name="SanityTC17" time="0.007" classname="testcases.Regression">
    <skipped/>
  </testcase> <!-- SanityTC17 -->
  <testcase name="SanityTC4" time="0.002" classname="testcases.Regression">
    <skipped/>
  </testcase> <!-- SanityTC4 -->
  <testcase name="SanityTC34" time="0.029" classname="testcases.Regression">
    <skipped/>
  </testcase> <!-- SanityTC34 -->
  <testcase name="RegTC44" time="24.739" classname="testcases.Regression"/>
  <testcase name="SanityTC15" time="0.012" classname="testcases.Regression">
    <skipped/>
  </testcase> <!-- SanityTC15 -->
  <testcase name="SanityTC24" time="0.010" classname="testcases.Regression">
    <skipped/>
  </testcase> <!-- SanityTC24 -->
  <testcase name="SanityTC9" time="0.003" classname="testcases.Regression">
    <skipped/>
  </testcase> <!-- SanityTC9 -->
  <testcase name="SanityTC25" time="0.008" classname="testcases.Regression">
    <skipped/>
  </testcase> <!-- SanityTC25 -->
  <testcase name="SanityTC35" time="0.003" classname="testcases.Regression">
    <skipped/>
  </testcase> <!-- SanityTC35 -->
  <testcase name="SanityTC23" time="0.004" classname="testcases.Regression">
    <skipped/>
  </testcase> <!-- SanityTC23 -->
  <testcase name="SanityTC1" time="0.006" classname="testcases.Regression">
    <skipped/>
  </testcase> <!-- SanityTC1 -->
  <testcase name="SanityTC10" time="0.006" classname="testcases.Regression">
    <skipped/>
  </testcase> <!-- SanityTC10 -->
  <testcase name="SanityTC12" time="0.004" classname="testcases.Regression">
    <skipped/>
  </testcase> <!-- SanityTC12 -->
  <testcase name="SanityTC27" time="0.004" classname="testcases.Regression">
    <skipped/>
  </testcase> <!-- SanityTC27 -->
  <testcase name="SanityTC22" time="0.003" classname="testcases.Regression">
    <skipped/>
  </testcase> <!-- SanityTC22 -->
  <testcase name="SanityTC40" time="0.005" classname="testcases.Regression">
    <skipped/>
  </testcase> <!-- SanityTC40 -->
  <testcase name="SanityTC38" time="0.003" classname="testcases.Regression">
    <skipped/>
  </testcase> <!-- SanityTC38 -->
  <testcase name="SanityTC37" time="0.009" classname="testcases.Regression">
    <skipped/>
  </testcase> <!-- SanityTC37 -->
  <testcase name="SanityTC5" time="0.002" classname="testcases.Regression">
    <skipped/>
  </testcase> <!-- SanityTC5 -->
  <testcase name="SanityTC18" time="0.010" classname="testcases.Regression">
    <skipped/>
  </testcase> <!-- SanityTC18 -->
  <testcase name="SanityTC33" time="0.021" classname="testcases.Regression">
    <skipped/>
  </testcase> <!-- SanityTC33 -->
  <testcase name="SanityTC3" time="0.006" classname="testcases.Regression">
    <skipped/>
  </testcase> <!-- SanityTC3 -->
  <testcase name="SanityTC6" time="0.009" classname="testcases.Regression">
    <skipped/>
  </testcase> <!-- SanityTC6 -->
  <testcase name="SanityTC11" time="0.005" classname="testcases.Regression">
    <skipped/>
  </testcase> <!-- SanityTC11 -->
  <testcase name="SanityTC30" time="0.006" classname="testcases.Regression">
    <skipped/>
  </testcase> <!-- SanityTC30 -->
  <testcase name="SanityTC42" time="0.004" classname="testcases.Regression">
    <skipped/>
  </testcase> <!-- SanityTC42 -->
  <testcase name="SanityTC28" time="0.004" classname="testcases.Regression">
    <skipped/>
  </testcase> <!-- SanityTC28 -->
  <testcase name="SanityTC26" time="0.002" classname="testcases.Regression">
    <skipped/>
  </testcase> <!-- SanityTC26 -->
  <testcase name="SanityTC13" time="0.003" classname="testcases.Regression">
    <skipped/>
  </testcase> <!-- SanityTC13 -->
  <testcase name="SanityTC8" time="0.003" classname="testcases.Regression">
    <skipped/>
  </testcase> <!-- SanityTC8 -->
  <testcase name="SanityTC29" time="0.002" classname="testcases.Regression">
    <skipped/>
  </testcase> <!-- SanityTC29 -->
  <testcase name="SanityTC41" time="0.002" classname="testcases.Regression">
    <skipped/>
  </testcase> <!-- SanityTC41 -->
</testsuite> <!-- testcases.Regression -->
